<?xml version="1.0" encoding="UTF-8"?>
<!-- Generated by org.testng.reporters.JUnitReportReporter -->
<testsuite hostname="Ajinkyas-MacBook-Air.local" failures="0" tests="5" name="com.automation.tests.SFDCLogin" time="34.515" errors="0" timestamp="2024-10-28T11:46:05 GMT-07:00" skipped="0">
  <testcase classname="com.automation.tests.SFDCLogin" name="Test2" time="5.585"/>
  <testcase classname="com.automation.tests.SFDCLogin" name="Test4a" time="6.584"/>
  <testcase classname="com.automation.tests.SFDCLogin" name="Test1" time="7.027"/>
  <testcase classname="com.automation.tests.SFDCLogin" name="Test3" time="9.395"/>
  <testcase classname="com.automation.tests.SFDCLogin" name="Test4b" time="5.924"/>
</testsuite> <!-- com.automation.tests.SFDCLogin -->
