<?xml version="1.0" encoding="UTF-8"?>
<!-- Generated by org.testng.reporters.JUnitReportReporter -->
<testsuite hostname="Ajinkyas-MacBook-Air.local" failures="0" tests="7" name="com.automation.tests.Contacts" time="80.583" errors="0" timestamp="2024-10-28T11:46:05 GMT-07:00" skipped="0">
  <testcase classname="com.automation.tests.Contacts" name="Test32" time="12.128"/>
  <testcase classname="com.automation.tests.Contacts" name="Test30" time="10.312"/>
  <testcase classname="com.automation.tests.Contacts" name="Test29" time="11.209"/>
  <testcase classname="com.automation.tests.Contacts" name="Test26" time="9.950"/>
  <testcase classname="com.automation.tests.Contacts" name="Test31" time="12.183"/>
  <testcase classname="com.automation.tests.Contacts" name="Test28" time="10.096"/>
  <testcase classname="com.automation.tests.Contacts" name="Test25" time="14.705"/>
</testsuite> <!-- com.automation.tests.Contacts -->
