<?xml version="1.0" encoding="UTF-8"?>
<!-- Generated by org.testng.reporters.JUnitReportReporter -->
<testsuite hostname="Ajinkyas-MacBook-Air.local" failures="0" tests="1" name="com.automation.tests.SelAuto" time="10.726" errors="0" timestamp="2024-10-25T13:39:52 GMT-07:00" skipped="0">
  <testcase classname="com.automation.tests.SelAuto" name="Test5" time="10.726"/>
</testsuite> <!-- com.automation.tests.SelAuto -->
