<?xml version="1.0" encoding="UTF-8"?>
<!-- Generated by org.testng.reporters.JUnitReportReporter -->
<testsuite hostname="Ajinkyas-MacBook-Air.local" failures="0" tests="5" name="com.automation.tests.CreateOpportunity" time="38.859" errors="0" timestamp="2024-10-28T11:46:05 GMT-07:00" skipped="0">
  <testcase classname="com.automation.tests.CreateOpportunity" name="Test16" time="9.018"/>
  <testcase classname="com.automation.tests.CreateOpportunity" name="Test18" time="7.259"/>
  <testcase classname="com.automation.tests.CreateOpportunity" name="Test17" time="7.426"/>
  <testcase classname="com.automation.tests.CreateOpportunity" name="Test19" time="9.116"/>
  <testcase classname="com.automation.tests.CreateOpportunity" name="Test15" time="6.040"/>
</testsuite> <!-- com.automation.tests.CreateOpportunity -->
