<?xml version="1.0" encoding="UTF-8"?>
<!-- Generated by org.testng.reporters.JUnitReportReporter -->
<testsuite hostname="Ajinkyas-MacBook-Air.local" failures="0" tests="4" name="com.automation.tests.UserMenuDropdown" time="32.030" errors="0" timestamp="2024-10-28T11:46:05 GMT-07:00" skipped="0">
  <testcase classname="com.automation.tests.UserMenuDropdown" name="Test5" time="6.036"/>
  <testcase classname="com.automation.tests.UserMenuDropdown" name="Test8" time="6.239"/>
  <testcase classname="com.automation.tests.UserMenuDropdown" name="Test9" time="7.519"/>
  <testcase classname="com.automation.tests.UserMenuDropdown" name="Test7" time="12.236"/>
</testsuite> <!-- com.automation.tests.UserMenuDropdown -->
